<?xml version="1.0" encoding="UTF-8"?>
<testsuite xmlns:xsi="http://www.w3.org/2001/XMLSchema-instance" xsi:noNamespaceSchemaLocation="https://maven.apache.org/surefire/maven-surefire-plugin/xsd/surefire-test-report.xsd" name="dev.wakandaacademy.produdoro.tarefa.application.service.TarefaApplicationServiceTest" time="1.807" tests="6" errors="0" skipped="0" failures="0">
  <properties>
[...]
</properties>
  <testcase name="editaDescricaoDaTarefa_idTarefaValido_TokenValido_retornaUsuarioAtualizado" classname="dev.wakandaacademy.produdoro.tarefa.application.service.TarefaApplicationServiceTest" time="1.677"/>
  <testcase name="editaDescricaoDaTarefa_idTarefaInvalido_TokenInvalido_retornaAPIException" classname="dev.wakandaacademy.produdoro.tarefa.application.service.TarefaApplicationServiceTest" time="0.005"/>
  <testcase name="editaDescricaoDaTarefa_idTarefaInvalido_TokenValido_retornaAPIException" classname="dev.wakandaacademy.produdoro.tarefa.application.service.TarefaApplicationServiceTest" time="0.007"/>
  <testcase name="editaDescricaoDaTarefa_idTarefaValido_TokenInvalido_retornaAPIException" classname="dev.wakandaacademy.produdoro.tarefa.application.service.TarefaApplicationServiceTest" time="0.005"/>
  <testcase name="deveRetornarTarefaAtivada" classname="dev.wakandaacademy.produdoro.tarefa.application.service.TarefaApplicationServiceTest" time="0.055"/>
  <testcase name="testDeletaTarefa" classname="dev.wakandaacademy.produdoro.tarefa.application.service.TarefaApplicationServiceTest" time="0.047"/>
</testsuite>